[Environment]
duration=900.000000
seed=128
net_name=lpw_lb_nhf-lpw_adhoc
sim_log_delim=TAB

[Run Info]
run_date=15:25:24 ÐÇÆÚÎå ÈýÔÂ 06 

[Log Entries]
13.0578459423	3419	Logical Network.0	Low-Lev.	Simulation	Error	Recoverable Error reported by process (wlan_mac_lpw) at module (top.Logical Network.0.wlan_mac) <NL>      at T (13.0578), EV (3419), MOD (top.Logical Network.0.wlan_mac), KP (op_intrpt_schedule_remote) <NL> Object ID (OPC_OBJID_INVALID) is out-of-range. <NL>  
16.6256360524	4343	Logical Network.0	Low-Lev.	Simulation	Error	Recoverable Error reported by process (wlan_mac_lpw) at module (top.Logical Network.0.wlan_mac) <NL>      at T (16.6256), EV (4343), MOD (top.Logical Network.0.wlan_mac), KP (op_intrpt_schedule_self) <NL> Specified time (15.6739) is less than current time. <NL>  
16.6264181094	4513	Logical Network.0	Low-Lev.	Simulation	Error	Recoverable Error reported by process (wlan_mac_lpw) at module (top.Logical Network.0.wlan_mac) <NL>      at T (16.6264), EV (4513), MOD (top.Logical Network.0.wlan_mac), KP (op_intrpt_schedule_self) <NL> Specified time (15.6747) is less than current time. <NL>  
16.6276502122	4674	Logical Network.0	Low-Lev.	Simulation	Error	Recoverable Error reported by process (wlan_mac_lpw) at module (top.Logical Network.0.wlan_mac) <NL>      at T (16.6277), EV (4674), MOD (top.Logical Network.0.wlan_mac), KP (op_intrpt_schedule_self) <NL> Specified time (15.6754) is less than current time. <NL>  
16.6288292793	4835	Logical Network.0	Low-Lev.	Simulation	Error	Recoverable Error reported by process (wlan_mac_lpw) at module (top.Logical Network.0.wlan_mac) <NL>      at T (16.6288), EV (4835), MOD (top.Logical Network.0.wlan_mac), KP (op_intrpt_schedule_self) <NL> Specified time (15.6761) is less than current time. <NL>  
16.6306083822	4996	Logical Network.0	Low-Lev.	Simulation	Error	Recoverable Error reported by process (wlan_mac_lpw) at module (top.Logical Network.0.wlan_mac) <NL>      at T (16.6306), EV (4996), MOD (top.Logical Network.0.wlan_mac), KP (op_intrpt_schedule_self) <NL> Specified time (15.6767) is less than current time. <NL>  
16.633137485	5157	Logical Network.0	Low-Lev.	Simulation	Error	Recoverable Error reported by process (wlan_mac_lpw) at module (top.Logical Network.0.wlan_mac) <NL>      at T (16.6331), EV (5157), MOD (top.Logical Network.0.wlan_mac), KP (op_intrpt_schedule_self) <NL> Specified time (15.6773) is less than current time. <NL>  
16.6344195207	5318	Logical Network.0	Low-Lev.	Simulation	Error	Recoverable Error reported by process (wlan_mac_lpw) at module (top.Logical Network.0.wlan_mac) <NL>      at T (16.6344), EV (5318), MOD (top.Logical Network.0.wlan_mac), KP (op_intrpt_schedule_self) <NL> Specified time (15.6781) is less than current time. <NL>  
16.6394516236	5479	Logical Network.0	Low-Lev.	Simulation	Error	Recoverable Error reported by process (wlan_mac_lpw) at module (top.Logical Network.0.wlan_mac) <NL>      at T (16.6395), EV (5479), MOD (top.Logical Network.0.wlan_mac), KP (op_intrpt_schedule_self) <NL> Specified time (15.6788) is less than current time. <NL>  
16.6425806906	5640	Logical Network.0	Low-Lev.	Simulation	Error	Recoverable Error reported by process (wlan_mac_lpw) at module (top.Logical Network.0.wlan_mac) <NL>      at T (16.6426), EV (5640), MOD (top.Logical Network.0.wlan_mac), KP (op_intrpt_schedule_self) <NL> Specified time (15.6794) is less than current time. <NL>  
16.6468627264	5801	Logical Network.0	Low-Lev.	Simulation	Error	Recoverable Error reported by process (wlan_mac_lpw) at module (top.Logical Network.0.wlan_mac) <NL>      at T (16.6469), EV (5801), MOD (top.Logical Network.0.wlan_mac), KP (op_intrpt_schedule_self) <NL> Specified time (15.6802) is less than current time. <NL>  
16.6558917935	5962	Logical Network.0	Low-Lev.	Simulation	Error	Recoverable Error reported by process (wlan_mac_lpw) at module (top.Logical Network.0.wlan_mac) <NL>      at T (16.6559), EV (5962), MOD (top.Logical Network.0.wlan_mac), KP (op_intrpt_schedule_self) <NL> Specified time (15.6808) is less than current time. <NL>  
16.6855057508	6015	Logical Network.2	Low-Lev.	Simulation	Error	Recoverable Error reported by process (wlan_mac_lpw) at module (top.Logical Network.2.wlan_mac) <NL>      at T (16.6855), EV (6015), MOD (top.Logical Network.2.wlan_mac), KP (op_intrpt_schedule_remote) <NL> Object ID (OPC_OBJID_INVALID) is out-of-range. <NL>  
16.6857738292	6123	Logical Network.0	Low-Lev.	Simulation	Error	Recoverable Error reported by process (wlan_mac_lpw) at module (top.Logical Network.0.wlan_mac) <NL>      at T (16.6858), EV (6123), MOD (top.Logical Network.0.wlan_mac), KP (op_intrpt_schedule_self) <NL> Specified time (15.6815) is less than current time. <NL>  
16.6867598963	6220	Logical Network.0	Low-Lev.	Simulation	Error	Recoverable Error reported by process (wlan_mac_lpw) at module (top.Logical Network.0.wlan_mac) <NL>      at T (16.6868), EV (6220), MOD (top.Logical Network.0.wlan_mac), KP (op_intrpt_schedule_self) <NL> Specified time (15.6822) is less than current time. <NL>  
16.6875389583	6392	Logical Network.0	Low-Lev.	Simulation	Error	Recoverable Error reported by process (wlan_mac_lpw) at module (top.Logical Network.0.wlan_mac) <NL>      at T (16.6875), EV (6392), MOD (top.Logical Network.0.wlan_mac), KP (op_intrpt_schedule_self) <NL> Specified time (15.6828) is less than current time. <NL>  
16.6882249583	6483	Logical Network.0	Low-Lev.	Simulation	Error	Recoverable Error reported by process (wlan_mac_lpw) at module (top.Logical Network.0.wlan_mac) <NL>      at T (16.6882), EV (6483), MOD (top.Logical Network.0.wlan_mac), KP (op_intrpt_schedule_self) <NL> Specified time (15.6834) is less than current time. <NL>  
16.6890040203	6645	Logical Network.0	Low-Lev.	Simulation	Error	Recoverable Error reported by process (wlan_mac_lpw) at module (top.Logical Network.0.wlan_mac) <NL>      at T (16.689), EV (6645), MOD (top.Logical Network.0.wlan_mac), KP (op_intrpt_schedule_self) <NL> Specified time (15.6841) is less than current time. <NL>  
16.690036061	6818	Logical Network.0	Low-Lev.	Simulation	Error	Recoverable Error reported by process (wlan_mac_lpw) at module (top.Logical Network.0.wlan_mac) <NL>      at T (16.69), EV (6818), MOD (top.Logical Network.0.wlan_mac), KP (op_intrpt_schedule_self) <NL> Specified time (15.6848) is less than current time. <NL>  
16.6910650823	6979	Logical Network.0	Low-Lev.	Simulation	Error	Recoverable Error reported by process (wlan_mac_lpw) at module (top.Logical Network.0.wlan_mac) <NL>      at T (16.6911), EV (6979), MOD (top.Logical Network.0.wlan_mac), KP (op_intrpt_schedule_self) <NL> Specified time (15.6855) is less than current time. <NL>  
16.692197123	7142	Logical Network.0	Low-Lev.	Simulation	Error	Recoverable Error reported by process (wlan_mac_lpw) at module (top.Logical Network.0.wlan_mac) <NL>      at T (16.6922), EV (7142), MOD (top.Logical Network.0.wlan_mac), KP (op_intrpt_schedule_self) <NL> Specified time (15.6862) is less than current time. <NL>  
16.693479185	7304	Logical Network.0	Low-Lev.	Simulation	Error	Recoverable Error reported by process (wlan_mac_lpw) at module (top.Logical Network.0.wlan_mac) <NL>      at T (16.6935), EV (7304), MOD (top.Logical Network.0.wlan_mac), KP (op_intrpt_schedule_self) <NL> Specified time (15.687) is less than current time. <NL>  
16.697161247	7466	Logical Network.0	Low-Lev.	Simulation	Error	Recoverable Error reported by process (wlan_mac_lpw) at module (top.Logical Network.0.wlan_mac) <NL>      at T (16.6972), EV (7466), MOD (top.Logical Network.0.wlan_mac), KP (op_intrpt_schedule_self) <NL> Specified time (15.6877) is less than current time. <NL>  
16.6985402683	7627	Logical Network.0	Low-Lev.	Simulation	Error	Recoverable Error reported by process (wlan_mac_lpw) at module (top.Logical Network.0.wlan_mac) <NL>      at T (16.6985), EV (7627), MOD (top.Logical Network.0.wlan_mac), KP (op_intrpt_schedule_self) <NL> Specified time (15.6884) is less than current time. <NL>  
16.703322309	7790	Logical Network.0	Low-Lev.	Simulation	Error	Recoverable Error reported by process (wlan_mac_lpw) at module (top.Logical Network.0.wlan_mac) <NL>      at T (16.7033), EV (7790), MOD (top.Logical Network.0.wlan_mac), KP (op_intrpt_schedule_self) <NL> Specified time (15.6892) is less than current time. <NL>  
16.7052013303	7951	Logical Network.0	Low-Lev.	Simulation	Error	Recoverable Error reported by process (wlan_mac_lpw) at module (top.Logical Network.0.wlan_mac) <NL>      at T (16.7052), EV (7951), MOD (top.Logical Network.0.wlan_mac), KP (op_intrpt_schedule_self) <NL> Specified time (15.6899) is less than current time. <NL>  
16.7075304331	8113	Logical Network.0	Low-Lev.	Simulation	Error	Recoverable Error reported by process (wlan_mac_lpw) at module (top.Logical Network.0.wlan_mac) <NL>      at T (16.7075), EV (8113), MOD (top.Logical Network.0.wlan_mac), KP (op_intrpt_schedule_self) <NL> Specified time (15.6905) is less than current time. <NL>  
16.7085664689	8209	Logical Network.0	Low-Lev.	Simulation	Error	Recoverable Error reported by process (wlan_mac_lpw) at module (top.Logical Network.0.wlan_mac) <NL>      at T (16.7086), EV (8209), MOD (top.Logical Network.0.wlan_mac), KP (op_intrpt_schedule_self) <NL> Specified time (15.6911) is less than current time. <NL>  
16.7094524689	8300	Logical Network.0	Low-Lev.	Simulation	Error	Recoverable Error reported by process (wlan_mac_lpw) at module (top.Logical Network.0.wlan_mac) <NL>      at T (16.7095), EV (8300), MOD (top.Logical Network.0.wlan_mac), KP (op_intrpt_schedule_self) <NL> Specified time (15.6918) is less than current time. <NL>  
16.7103384689	8390	Logical Network.0	Low-Lev.	Simulation	Error	Recoverable Error reported by process (wlan_mac_lpw) at module (top.Logical Network.0.wlan_mac) <NL>      at T (16.7103), EV (8390), MOD (top.Logical Network.0.wlan_mac), KP (op_intrpt_schedule_self) <NL> Specified time (15.6924) is less than current time. <NL>  
16.7132705766	8553	Logical Network.0	Low-Lev.	Simulation	Error	Recoverable Error reported by process (wlan_mac_lpw) at module (top.Logical Network.0.wlan_mac) <NL>      at T (16.7133), EV (8553), MOD (top.Logical Network.0.wlan_mac), KP (op_intrpt_schedule_self) <NL> Specified time (15.6931) is less than current time. <NL>  
16.7257495979	8714	Logical Network.0	Low-Lev.	Simulation	Error	Recoverable Error reported by process (wlan_mac_lpw) at module (top.Logical Network.0.wlan_mac) <NL>      at T (16.7257), EV (8714), MOD (top.Logical Network.0.wlan_mac), KP (op_intrpt_schedule_self) <NL> Specified time (15.6937) is less than current time. <NL>  
16.7431786599	8875	Logical Network.0	Low-Lev.	Simulation	Error	Recoverable Error reported by process (wlan_mac_lpw) at module (top.Logical Network.0.wlan_mac) <NL>      at T (16.7432), EV (8875), MOD (top.Logical Network.0.wlan_mac), KP (op_intrpt_schedule_self) <NL> Specified time (15.6944) is less than current time. <NL>  
16.7444147006	8964	Logical Network.0	Low-Lev.	Simulation	Error	Recoverable Error reported by process (wlan_mac_lpw) at module (top.Logical Network.0.wlan_mac) <NL>      at T (16.7444), EV (8964), MOD (top.Logical Network.0.wlan_mac), KP (op_intrpt_schedule_self) <NL> Specified time (15.695) is less than current time. <NL>  
16.7531786793	9016	Logical Network.2	Low-Lev.	Simulation	Error	Recoverable Error reported by process (wlan_mac_lpw) at module (top.Logical Network.2.wlan_mac) <NL>      at T (16.7532), EV (9016), MOD (top.Logical Network.2.wlan_mac), KP (op_intrpt_schedule_remote) <NL> Object ID (OPC_OBJID_INVALID) is out-of-range. <NL>  
16.7534467626	9124	Logical Network.0	Low-Lev.	Simulation	Error	Recoverable Error reported by process (wlan_mac_lpw) at module (top.Logical Network.0.wlan_mac) <NL>      at T (16.7534), EV (9124), MOD (top.Logical Network.0.wlan_mac), KP (op_intrpt_schedule_self) <NL> Specified time (15.6957) is less than current time. <NL>  
16.7546758197	9294	Logical Network.0	Low-Lev.	Simulation	Error	Recoverable Error reported by process (wlan_mac_lpw) at module (top.Logical Network.0.wlan_mac) <NL>      at T (16.7547), EV (9294), MOD (top.Logical Network.0.wlan_mac), KP (op_intrpt_schedule_self) <NL> Specified time (15.6964) is less than current time. <NL>  
16.7557578868	9465	Logical Network.0	Low-Lev.	Simulation	Error	Recoverable Error reported by process (wlan_mac_lpw) at module (top.Logical Network.0.wlan_mac) <NL>      at T (16.7558), EV (9465), MOD (top.Logical Network.0.wlan_mac), KP (op_intrpt_schedule_self) <NL> Specified time (15.6971) is less than current time. <NL>  
16.7567399896	9626	Logical Network.0	Low-Lev.	Simulation	Error	Recoverable Error reported by process (wlan_mac_lpw) at module (top.Logical Network.0.wlan_mac) <NL>      at T (16.7567), EV (9626), MOD (top.Logical Network.0.wlan_mac), KP (op_intrpt_schedule_self) <NL> Specified time (15.6978) is less than current time. <NL>  
16.7574190253	9787	Logical Network.0	Low-Lev.	Simulation	Error	Recoverable Error reported by process (wlan_mac_lpw) at module (top.Logical Network.0.wlan_mac) <NL>      at T (16.7574), EV (9787), MOD (top.Logical Network.0.wlan_mac), KP (op_intrpt_schedule_self) <NL> Specified time (15.6985) is less than current time. <NL>  
16.7606010924	9948	Logical Network.0	Low-Lev.	Simulation	Error	Recoverable Error reported by process (wlan_mac_lpw) at module (top.Logical Network.0.wlan_mac) <NL>      at T (16.7606), EV (9948), MOD (top.Logical Network.0.wlan_mac), KP (op_intrpt_schedule_self) <NL> Specified time (15.6993) is less than current time. <NL>  
16.7619801282	10109	Logical Network.0	Low-Lev.	Simulation	Error	Recoverable Error reported by process (wlan_mac_lpw) at module (top.Logical Network.0.wlan_mac) <NL>      at T (16.762), EV (10109), MOD (top.Logical Network.0.wlan_mac), KP (op_intrpt_schedule_self) <NL> Specified time (15.6999) is less than current time. <NL>  
16.762759231	10270	Logical Network.0	Low-Lev.	Simulation	Error	Recoverable Error reported by process (wlan_mac_lpw) at module (top.Logical Network.0.wlan_mac) <NL>      at T (16.7628), EV (10270), MOD (top.Logical Network.0.wlan_mac), KP (op_intrpt_schedule_self) <NL> Specified time (15.7005) is less than current time. <NL>  
16.7657912981	10431	Logical Network.0	Low-Lev.	Simulation	Error	Recoverable Error reported by process (wlan_mac_lpw) at module (top.Logical Network.0.wlan_mac) <NL>      at T (16.7658), EV (10431), MOD (top.Logical Network.0.wlan_mac), KP (op_intrpt_schedule_self) <NL> Specified time (15.7012) is less than current time. <NL>  
16.7694734009	10592	Logical Network.0	Low-Lev.	Simulation	Error	Recoverable Error reported by process (wlan_mac_lpw) at module (top.Logical Network.0.wlan_mac) <NL>      at T (16.7695), EV (10592), MOD (top.Logical Network.0.wlan_mac), KP (op_intrpt_schedule_self) <NL> Specified time (15.702) is less than current time. <NL>  
16.7707024367	10753	Logical Network.0	Low-Lev.	Simulation	Error	Recoverable Error reported by process (wlan_mac_lpw) at module (top.Logical Network.0.wlan_mac) <NL>      at T (16.7707), EV (10753), MOD (top.Logical Network.0.wlan_mac), KP (op_intrpt_schedule_self) <NL> Specified time (15.7027) is less than current time. <NL>  
16.7925845037	10914	Logical Network.0	Low-Lev.	Simulation	Error	Recoverable Error reported by process (wlan_mac_lpw) at module (top.Logical Network.0.wlan_mac) <NL>      at T (16.7926), EV (10914), MOD (top.Logical Network.0.wlan_mac), KP (op_intrpt_schedule_self) <NL> Specified time (15.7034) is less than current time. <NL>  

[Summary]
Low-Lev.	Simulation	Error	47
Config.	Wireless Lan	Data packet Drop	0
Config.	TMM	closure stage loading of propagation model	0
Low-Lev.	TMM	path loss calculation	0
